<?xml version="1.0" encoding="UTF-8"?>
<testsuite xmlns:xsi="http://www.w3.org/2001/XMLSchema-instance" xsi:noNamespaceSchemaLocation="https://maven.apache.org/surefire/maven-surefire-plugin/xsd/surefire-test-report.xsd" name="runner.DesafioSicredi" time="32.362" tests="16" errors="0" skipped="0" failures="0">
  <properties>
[...]
</properties>
  <testcase name="Dado que eu acesso a URL do teste" classname="| Teste Sicredi | Teste | Thiago | 51 9999-9999 | Av Assis Brasil, 3970 | Torre D | Porto Alegre | RS | 91000-000 | Brasil | Fixter | 200 |" time="0.006"/>
  <testcase name="E mudo o valor da combo Select version para &quot;Bootstrap V4 Theme&quot;" classname="| Teste Sicredi | Teste | Thiago | 51 9999-9999 | Av Assis Brasil, 3970 | Torre D | Porto Alegre | RS | 91000-000 | Brasil | Fixter | 200 |" time="0"/>
  <testcase name="E clico no botão Add Customer" classname="| Teste Sicredi | Teste | Thiago | 51 9999-9999 | Av Assis Brasil, 3970 | Torre D | Porto Alegre | RS | 91000-000 | Brasil | Fixter | 200 |" time="0"/>
  <testcase name="Quando eu preencho os campos do formulário Teste Sicredi , Teste , Thiago , 51 9999-9999 , Av Assis Brasil, 3970 , Torre D , Porto Alegre , RS , 91000-000 , Brasil , Fixter , 200" classname="| Teste Sicredi | Teste | Thiago | 51 9999-9999 | Av Assis Brasil, 3970 | Torre D | Porto Alegre | RS | 91000-000 | Brasil | Fixter | 200 |" time="0"/>
  <testcase name="E clico no botão Save" classname="| Teste Sicredi | Teste | Thiago | 51 9999-9999 | Av Assis Brasil, 3970 | Torre D | Porto Alegre | RS | 91000-000 | Brasil | Fixter | 200 |" time="0"/>
  <testcase name="Entao devo validar a mensagem &quot;Your data has been successfully stored into the database.&quot;" classname="| Teste Sicredi | Teste | Thiago | 51 9999-9999 | Av Assis Brasil, 3970 | Torre D | Porto Alegre | RS | 91000-000 | Brasil | Fixter | 200 |" time="0"/>
  <testcase name="| Teste Sicredi | Teste | Thiago | 51 9999-9999 | Av Assis Brasil, 3970 | Torre D | Porto Alegre | RS | 91000-000 | Brasil | Fixter | 200 |" classname="| Teste Sicredi | Teste | Thiago | 51 9999-9999 | Av Assis Brasil, 3970 | Torre D | Porto Alegre | RS | 91000-000 | Brasil | Fixter | 200 |" time="1.697"/>
  <testcase name="Dado que eu executo todos os steps do Desafio 1 Teste Sicredi , Teste , Thiago , 51 9999-9999 , Av Assis Brasil, 3970 , Torre D , Porto Alegre , RS , 91000-000 , Brasil , Fixter , 200 , Bootstrap V4 Theme , Your data has been successfully stored into the database." classname="| Teste Sicredi | Teste | Thiago | 51 9999-9999 | Av Assis Brasil, 3970 | Torre D | Porto Alegre | RS | 91000-000 | Brasil | Fixter | 200 | Bootstrap V4 Theme | Your data has been successfully stored into the database. |" time="0"/>
  <testcase name="E clico no link go back to list" classname="| Teste Sicredi | Teste | Thiago | 51 9999-9999 | Av Assis Brasil, 3970 | Torre D | Porto Alegre | RS | 91000-000 | Brasil | Fixter | 200 | Bootstrap V4 Theme | Your data has been successfully stored into the database. |" time="0"/>
  <testcase name="Quando eu clicar na coluna Search Name e digitar o conteúdo do campo Teste Sicredi" classname="| Teste Sicredi | Teste | Thiago | 51 9999-9999 | Av Assis Brasil, 3970 | Torre D | Porto Alegre | RS | 91000-000 | Brasil | Fixter | 200 | Bootstrap V4 Theme | Your data has been successfully stored into the database. |" time="0"/>
  <testcase name="E clicar no Checkbox" classname="| Teste Sicredi | Teste | Thiago | 51 9999-9999 | Av Assis Brasil, 3970 | Torre D | Porto Alegre | RS | 91000-000 | Brasil | Fixter | 200 | Bootstrap V4 Theme | Your data has been successfully stored into the database. |" time="0"/>
  <testcase name="E clicar no botão Delete" classname="| Teste Sicredi | Teste | Thiago | 51 9999-9999 | Av Assis Brasil, 3970 | Torre D | Porto Alegre | RS | 91000-000 | Brasil | Fixter | 200 | Bootstrap V4 Theme | Your data has been successfully stored into the database. |" time="0"/>
  <testcase name="Entao devo validar a mensagem &quot;Are you sure that you want to delete this 1 item?&quot;" classname="| Teste Sicredi | Teste | Thiago | 51 9999-9999 | Av Assis Brasil, 3970 | Torre D | Porto Alegre | RS | 91000-000 | Brasil | Fixter | 200 | Bootstrap V4 Theme | Your data has been successfully stored into the database. |" time="0"/>
  <testcase name="E dentro da popup, clicar no botão Delete" classname="| Teste Sicredi | Teste | Thiago | 51 9999-9999 | Av Assis Brasil, 3970 | Torre D | Porto Alegre | RS | 91000-000 | Brasil | Fixter | 200 | Bootstrap V4 Theme | Your data has been successfully stored into the database. |" time="0"/>
  <testcase name="E devo validar a mensagem que aparece no canto direito da tela &quot;Your data has been successfully deleted from the database.&quot;" classname="| Teste Sicredi | Teste | Thiago | 51 9999-9999 | Av Assis Brasil, 3970 | Torre D | Porto Alegre | RS | 91000-000 | Brasil | Fixter | 200 | Bootstrap V4 Theme | Your data has been successfully stored into the database. |" time="0"/>
  <testcase name="| Teste Sicredi | Teste | Thiago | 51 9999-9999 | Av Assis Brasil, 3970 | Torre D | Porto Alegre | RS | 91000-000 | Brasil | Fixter | 200 | Bootstrap V4 Theme | Your data has been successfully stored into the database. |" classname="| Teste Sicredi | Teste | Thiago | 51 9999-9999 | Av Assis Brasil, 3970 | Torre D | Porto Alegre | RS | 91000-000 | Brasil | Fixter | 200 | Bootstrap V4 Theme | Your data has been successfully stored into the database. |" time="1.689"/>
</testsuite>